Partition Assistant log is as follows:

====================== System Information ======================
Module Path: G:\Desktop\PACMDforUSB\PartAssist.exe
Product Name: Windows 10 Enterprise
Service Package: 
OS Version: 6.3
Total Memory: 7918 MB
Available Memory: 2996 MB
System Root: C:\Windows
Processor Architecture: AMD64
Processor Number: 8
Current Time: 2024-6-15 13:21:26
================================================================

[0       ]Utility.cpp(306): 64-bit operating system.
[2       ]MRP.cpp(1066): Failed to copy ampa.exe.
AOMEI Partition Assistant 6.2.0 Technician Edition
[0       ]disk.cpp(168) Disk0 is removble use?0
[0       ]disk.cpp(168) Disk1 is removble use?1
[0       ]mft.cpp(515): Initialize MftFile failed.
[0       ]ntfslabel.cpp(28): Read the FILE_Volume file record failed.



//////////////////////////// Reload Disk Information ////////////////////////////


Disks Summary:
================================================================
Disk Index	Total Sector		Geometry			Product Name
----------	------------		--------			------------
0		1000215216 (476.94GB)	(62260,255,63,512)		BC711 NVMe SK hynix 512GB (GPT Disk)
1		4096000000 (1953.13GB)	(254964,255,63,512)		VendorCoProductCode      (Base Disk)


Partitions Summary:
================================================================
Disk	Partition	Drive Letter	File System	Total Sector		Used Sector		Free Sector		Partition Status	Pri/Log		DBR Start Sector	End Sector      			MBR Start Sector			Cluster Size	Volume Label
----	---------	------------	-----------	------------		-----------		-----------		----------------	-------		----------------	----------------			----------------			------------	------------
0	1		*:		FAT32       	491520     (240.00MB)	194192     (94.82MB)	297328     (145.18MB)	Sys                 	GPT,EFI		2048           		493567         (30,184,26)		0           (0,32,33)			4		ESP
0	2		*:		Other       	262144     (128.00MB)	0          (0KB)	262144     (128.00MB)	None                	GPT,MSR		493568         		755711         (47,10,27)		0           (30,184,27)			0		
0	3		C:		NTFS(3.1)   	187129855  (89.23GB)	73287872   (34.95GB)	113841983  (54.28GB)	Boot                	GPT,Data		755712         		187885567      (11695,85,38)		0           (47,10,28)			8		
0	4		D:		NTFS(3.1)   	102399999  (48.83GB)	76759944   (36.60GB)	25640055   (12.23GB)	None                	GPT,Data		187885568      		290285567      (18069,112,27)		0           (11695,85,39)			8		ZYC_program
0	5		E:		NTFS(3.1)   	204797951  (97.66GB)	141837032  (67.63GB)	62960919   (30.02GB)	None                	GPT,Data		290285568      		495083519      (30817,133,36)		0           (18069,112,28)			8		ZYC_VM
0	6		*:		NTFS(3.1)   	2027519    (990.00MB)	1880624    (918.27MB)	146895     (71.73MB)	None                	GPT,WRE		495085568      		497113087      (30943,218,59)		0           (30817,166,6)			8		WINRETOOLS
0	7		*:		NTFS(3.1)   	3002367    (1.43GB)	1987408    (970.41MB)	1014959    (495.59MB)	None                	GPT,WRE		497115136      		500117503      (31130,223,5)		0           (30943,251,29)			8		DELLSUPPORT
0	8		F:		NTFS(3.1)   	250048511  (119.23GB)	158455984  (75.56GB)	91592527   (43.67GB)	None                	GPT,Data		500117504      		750166015      (46695,172,5)		0           (31130,223,6)			8		ZYC_study
0	9		G:		NTFS(3.1)   	250046463  (119.23GB)	160691000  (76.62GB)	89355463   (42.61GB)	None                	GPT,Data		750166016      		1000212479     (62260,88,36)		0           (46695,172,6)			8		ZYC_other

[0       ]mft.cpp(515): Initialize MftFile failed.
[0       ]ntfsstd.cpp(867): Failed to read $Volume file record.
1	2		H:		NTFS(0.0)   	4095999936 (1953.12GB)	4095999936 (1953.12GB)	0          (0KB)	Act                 	Primary		63             		4095999999     (254964,53,1)		0           (0,1,1)			8		

================================================================
AOMEI Partition Assistant Is Working...
 

==========================User Operations==============================
1.Deleting Partition
	Hard Disk:		2
 	Drive Letter:		H:
 	File System:		NTFS
 	Partition Label:	
 	Size:			1.91TB
 	Start Sector:		63
 	PtStart Sector:		63
 	Total Sector:		4095999936
 	Wipe Data:		NO

=======================================================================

[0       ]disk.cpp(168) Disk0 is removble use?0
[0       ]disk.cpp(168) Disk1 is removble use?1



//////////////////////////// Reload Disk Information ////////////////////////////


Disks Summary:
================================================================
Disk Index	Total Sector		Geometry			Product Name
----------	------------		--------			------------
0		1000215216 (476.94GB)	(62260,255,63,512)		BC711 NVMe SK hynix 512GB (GPT Disk)
1		4096000000 (1953.13GB)	(254964,255,63,512)		VendorCoProductCode      (Base Disk)


Partitions Summary:
================================================================
Disk	Partition	Drive Letter	File System	Total Sector		Used Sector		Free Sector		Partition Status	Pri/Log		DBR Start Sector	End Sector      			MBR Start Sector			Cluster Size	Volume Label
----	---------	------------	-----------	------------		-----------		-----------		----------------	-------		----------------	----------------			----------------			------------	------------
0	1		*:		FAT32       	491520     (240.00MB)	194192     (94.82MB)	297328     (145.18MB)	Sys                 	GPT,EFI		2048           		493567         (30,184,26)		0           (0,32,33)			4		ESP
0	2		*:		Other       	262144     (128.00MB)	0          (0KB)	262144     (128.00MB)	None                	GPT,MSR		493568         		755711         (47,10,27)		0           (30,184,27)			0		
0	3		C:		NTFS(3.1)   	187129855  (89.23GB)	73295152   (34.95GB)	113834703  (54.28GB)	Boot                	GPT,Data		755712         		187885567      (11695,85,38)		0           (47,10,28)			8		
0	4		D:		NTFS(3.1)   	102399999  (48.83GB)	76759944   (36.60GB)	25640055   (12.23GB)	None                	GPT,Data		187885568      		290285567      (18069,112,27)		0           (11695,85,39)			8		ZYC_program
0	5		E:		NTFS(3.1)   	204797951  (97.66GB)	141837032  (67.63GB)	62960919   (30.02GB)	None                	GPT,Data		290285568      		495083519      (30817,133,36)		0           (18069,112,28)			8		ZYC_VM
0	6		*:		NTFS(3.1)   	2027519    (990.00MB)	1880624    (918.27MB)	146895     (71.73MB)	None                	GPT,WRE		495085568      		497113087      (30943,218,59)		0           (30817,166,6)			8		WINRETOOLS
0	7		*:		NTFS(3.1)   	3002367    (1.43GB)	1987408    (970.41MB)	1014959    (495.59MB)	None                	GPT,WRE		497115136      		500117503      (31130,223,5)		0           (30943,251,29)			8		DELLSUPPORT
0	8		F:		NTFS(3.1)   	250048511  (119.23GB)	158455984  (75.56GB)	91592527   (43.67GB)	None                	GPT,Data		500117504      		750166015      (46695,172,5)		0           (31130,223,6)			8		ZYC_study
0	9		G:		NTFS(3.1)   	250046463  (119.23GB)	160691016  (76.62GB)	89355447   (42.61GB)	None                	GPT,Data		750166016      		1000212479     (62260,88,36)		0           (46695,172,6)			8		ZYC_other

1	0		*:		Unallocated 	4095995904 (1953.12GB)	0          (0KB)	4095995904 (1953.12GB)	None                	Logical		0              		4095995903     (254963,242,63)		0           (0,0,1)			0		


==========================User Operations==============================
1.Creating Partition
	Hard Disk:		2
 	Drive Letter:		H:
 	File System:		NTFS
 	Partition Label:	
 	Size:			1.91TB
 	Start Sector:		2048
 	PtStart Sector:		1985
 	Total Sector:		4095978546
 	PtTotal Sector:		4095978547
 	Logical/Primary:	Logical
 	Cluster Size:		8

=======================================================================

[0       ]symlink.cpp(50): Failed to ZwQuerySymbolicLinkObject.
[0       ]symlink.cpp(50): Failed to ZwQuerySymbolicLinkObject.
[0       ]disk.cpp(168) Disk0 is removble use?0
[0       ]disk.cpp(168) Disk1 is removble use?1
[0       ]mft.cpp(515): Initialize MftFile failed.
[0       ]ntfslabel.cpp(28): Read the FILE_Volume file record failed.



//////////////////////////// Reload Disk Information ////////////////////////////


Disks Summary:
================================================================
Disk Index	Total Sector		Geometry			Product Name
----------	------------		--------			------------
0		1000215216 (476.94GB)	(62260,255,63,512)		BC711 NVMe SK hynix 512GB (GPT Disk)
1		4096000000 (1953.13GB)	(254964,255,63,512)		VendorCoProductCode      (Base Disk)


Partitions Summary:
================================================================
Disk	Partition	Drive Letter	File System	Total Sector		Used Sector		Free Sector		Partition Status	Pri/Log		DBR Start Sector	End Sector      			MBR Start Sector			Cluster Size	Volume Label
----	---------	------------	-----------	------------		-----------		-----------		----------------	-------		----------------	----------------			----------------			------------	------------
0	1		*:		FAT32       	491520     (240.00MB)	194192     (94.82MB)	297328     (145.18MB)	Sys                 	GPT,EFI		2048           		493567         (30,184,26)		0           (0,32,33)			4		ESP
0	2		*:		Other       	262144     (128.00MB)	0          (0KB)	262144     (128.00MB)	None                	GPT,MSR		493568         		755711         (47,10,27)		0           (30,184,27)			0		
0	3		C:		NTFS(3.1)   	187129855  (89.23GB)	73286280   (34.95GB)	113843575  (54.28GB)	Boot                	GPT,Data		755712         		187885567      (11695,85,38)		0           (47,10,28)			8		
0	4		D:		NTFS(3.1)   	102399999  (48.83GB)	76759944   (36.60GB)	25640055   (12.23GB)	None                	GPT,Data		187885568      		290285567      (18069,112,27)		0           (11695,85,39)			8		ZYC_program
0	5		E:		NTFS(3.1)   	204797951  (97.66GB)	141837032  (67.63GB)	62960919   (30.02GB)	None                	GPT,Data		290285568      		495083519      (30817,133,36)		0           (18069,112,28)			8		ZYC_VM
0	6		*:		NTFS(3.1)   	2027519    (990.00MB)	1880624    (918.27MB)	146895     (71.73MB)	None                	GPT,WRE		495085568      		497113087      (30943,218,59)		0           (30817,166,6)			8		WINRETOOLS
0	7		*:		NTFS(3.1)   	3002367    (1.43GB)	1987408    (970.41MB)	1014959    (495.59MB)	None                	GPT,WRE		497115136      		500117503      (31130,223,5)		0           (30943,251,29)			8		DELLSUPPORT
0	8		F:		NTFS(3.1)   	250048511  (119.23GB)	158455984  (75.56GB)	91592527   (43.67GB)	None                	GPT,Data		500117504      		750166015      (46695,172,5)		0           (31130,223,6)			8		ZYC_study
0	9		G:		NTFS(3.1)   	250046463  (119.23GB)	160691016  (76.62GB)	89355447   (42.61GB)	None                	GPT,Data		750166016      		1000212479     (62260,88,36)		0           (46695,172,6)			8		ZYC_other

[0       ]mft.cpp(515): Initialize MftFile failed.
[0       ]ntfsstd.cpp(867): Failed to read $Volume file record.
1	2		H:		NTFS(0.0)   	4095978546 (1953.11GB)	4095978546 (1953.11GB)	0          (0KB)	None                	Logical		2048           		4095980594     (254962,254,63)		1985        (0,31,33)			8		


==========================User Operations==============================
1.Formatting Partition
	Hard Disk:		2
 	Drive Letter:		H:
 	File System:		NTFS => NTFS
 	Partition Label:	 => 
 	Size:			1.91TB
 	Start Sector:		2048
 	PtStart Sector:		1985
 	Total Sector:		4095978546
 	PtTotal Sector:		4095978547
 	Cluster Size:		8 => 8

=======================================================================

[5       ]vol.cpp(155): Create file the \ to fail.
[0       ]disk.cpp(168) Disk0 is removble use?0
[0       ]disk.cpp(168) Disk1 is removble use?1
[0       ]mft.cpp(515): Initialize MftFile failed.
[0       ]ntfslabel.cpp(28): Read the FILE_Volume file record failed.



//////////////////////////// Reload Disk Information ////////////////////////////


Disks Summary:
================================================================
Disk Index	Total Sector		Geometry			Product Name
----------	------------		--------			------------
0		1000215216 (476.94GB)	(62260,255,63,512)		BC711 NVMe SK hynix 512GB (GPT Disk)
1		4096000000 (1953.13GB)	(254964,255,63,512)		VendorCoProductCode      (Base Disk)


Partitions Summary:
================================================================
Disk	Partition	Drive Letter	File System	Total Sector		Used Sector		Free Sector		Partition Status	Pri/Log		DBR Start Sector	End Sector      			MBR Start Sector			Cluster Size	Volume Label
----	---------	------------	-----------	------------		-----------		-----------		----------------	-------		----------------	----------------			----------------			------------	------------
0	1		*:		FAT32       	491520     (240.00MB)	194192     (94.82MB)	297328     (145.18MB)	Sys                 	GPT,EFI		2048           		493567         (30,184,26)		0           (0,32,33)			4		ESP
0	2		*:		Other       	262144     (128.00MB)	0          (0KB)	262144     (128.00MB)	None                	GPT,MSR		493568         		755711         (47,10,27)		0           (30,184,27)			0		
0	3		C:		NTFS(3.1)   	187129855  (89.23GB)	73071520   (34.84GB)	114058335  (54.39GB)	Boot                	GPT,Data		755712         		187885567      (11695,85,38)		0           (47,10,28)			8		
0	4		D:		NTFS(3.1)   	102399999  (48.83GB)	76759944   (36.60GB)	25640055   (12.23GB)	None                	GPT,Data		187885568      		290285567      (18069,112,27)		0           (11695,85,39)			8		ZYC_program
0	5		E:		NTFS(3.1)   	204797951  (97.66GB)	141837032  (67.63GB)	62960919   (30.02GB)	None                	GPT,Data		290285568      		495083519      (30817,133,36)		0           (18069,112,28)			8		ZYC_VM
0	6		*:		NTFS(3.1)   	2027519    (990.00MB)	1880624    (918.27MB)	146895     (71.73MB)	None                	GPT,WRE		495085568      		497113087      (30943,218,59)		0           (30817,166,6)			8		WINRETOOLS
0	7		*:		NTFS(3.1)   	3002367    (1.43GB)	1987408    (970.41MB)	1014959    (495.59MB)	None                	GPT,WRE		497115136      		500117503      (31130,223,5)		0           (30943,251,29)			8		DELLSUPPORT
0	8		F:		NTFS(3.1)   	250048511  (119.23GB)	158455984  (75.56GB)	91592527   (43.67GB)	None                	GPT,Data		500117504      		750166015      (46695,172,5)		0           (31130,223,6)			8		ZYC_study
0	9		G:		NTFS(3.1)   	250046463  (119.23GB)	160691032  (76.62GB)	89355431   (42.61GB)	None                	GPT,Data		750166016      		1000212479     (62260,88,36)		0           (46695,172,6)			8		ZYC_other

[0       ]mft.cpp(515): Initialize MftFile failed.
[0       ]ntfsstd.cpp(867): Failed to read $Volume file record.
1	2		H:		NTFS(0.0)   	4095978546 (1953.11GB)	4095978546 (1953.11GB)	0          (0KB)	None                	Logical		2048           		4095980594     (254962,254,63)		1985        (0,31,33)			8		


==========================User Operations==============================
1.Convert PriLog
 	Hard Disk:		2
 	Drive Letter:		H
 	Convert from:		Logical -> Primary
 	File System:		NTFS
 	Size:			1.91TB

=======================================================================

[0       ]mft.cpp(515): Initialize MftFile failed.
[0       ]ntfsstd.cpp(781): Failed to read $Volume file record.
[0       ]symlink.cpp(50): Failed to ZwQuerySymbolicLinkObject.
[0       ]disk.cpp(168) Disk0 is removble use?0
[0       ]disk.cpp(168) Disk1 is removble use?1
[0       ]mft.cpp(515): Initialize MftFile failed.
[0       ]ntfslabel.cpp(28): Read the FILE_Volume file record failed.



//////////////////////////// Reload Disk Information ////////////////////////////


Disks Summary:
================================================================
Disk Index	Total Sector		Geometry			Product Name
----------	------------		--------			------------
0		1000215216 (476.94GB)	(62260,255,63,512)		BC711 NVMe SK hynix 512GB (GPT Disk)
1		4096000000 (1953.13GB)	(254964,255,63,512)		VendorCoProductCode      (Base Disk)


Partitions Summary:
================================================================
Disk	Partition	Drive Letter	File System	Total Sector		Used Sector		Free Sector		Partition Status	Pri/Log		DBR Start Sector	End Sector      			MBR Start Sector			Cluster Size	Volume Label
----	---------	------------	-----------	------------		-----------		-----------		----------------	-------		----------------	----------------			----------------			------------	------------
0	1		*:		FAT32       	491520     (240.00MB)	194192     (94.82MB)	297328     (145.18MB)	Sys                 	GPT,EFI		2048           		493567         (30,184,26)		0           (0,32,33)			4		ESP
0	2		*:		Other       	262144     (128.00MB)	0          (0KB)	262144     (128.00MB)	None                	GPT,MSR		493568         		755711         (47,10,27)		0           (30,184,27)			0		
0	3		C:		NTFS(3.1)   	187129855  (89.23GB)	73088000   (34.85GB)	114041855  (54.38GB)	Boot                	GPT,Data		755712         		187885567      (11695,85,38)		0           (47,10,28)			8		
0	4		D:		NTFS(3.1)   	102399999  (48.83GB)	76759944   (36.60GB)	25640055   (12.23GB)	None                	GPT,Data		187885568      		290285567      (18069,112,27)		0           (11695,85,39)			8		ZYC_program
0	5		E:		NTFS(3.1)   	204797951  (97.66GB)	141837032  (67.63GB)	62960919   (30.02GB)	None                	GPT,Data		290285568      		495083519      (30817,133,36)		0           (18069,112,28)			8		ZYC_VM
0	6		*:		NTFS(3.1)   	2027519    (990.00MB)	1880624    (918.27MB)	146895     (71.73MB)	None                	GPT,WRE		495085568      		497113087      (30943,218,59)		0           (30817,166,6)			8		WINRETOOLS
0	7		*:		NTFS(3.1)   	3002367    (1.43GB)	1987408    (970.41MB)	1014959    (495.59MB)	None                	GPT,WRE		497115136      		500117503      (31130,223,5)		0           (30943,251,29)			8		DELLSUPPORT
0	8		F:		NTFS(3.1)   	250048511  (119.23GB)	158455984  (75.56GB)	91592527   (43.67GB)	None                	GPT,Data		500117504      		750166015      (46695,172,5)		0           (31130,223,6)			8		ZYC_study
0	9		G:		NTFS(3.1)   	250046463  (119.23GB)	160691032  (76.62GB)	89355431   (42.61GB)	None                	GPT,Data		750166016      		1000212479     (62260,88,36)		0           (46695,172,6)			8		ZYC_other

[0       ]mft.cpp(515): Initialize MftFile failed.
[0       ]ntfsstd.cpp(867): Failed to read $Volume file record.
1	2		H:		NTFS(0.0)   	4095978546 (1953.11GB)	4095978546 (1953.11GB)	0          (0KB)	None                	Primary		2048           		4095980594     (254962,254,63)		0           (0,32,33)			8		


==========================User Operations==============================
1.Formatting Partition
	Hard Disk:		2
 	Drive Letter:		H:
 	File System:		NTFS => NTFS
 	Partition Label:	 => 
 	Size:			1.91TB
 	Start Sector:		2048
 	PtStart Sector:		2048
 	Total Sector:		4095978546
 	PtTotal Sector:		4095978547
 	Cluster Size:		8 => 8

=======================================================================

[5       ]vol.cpp(155): Create file the \ to fail.
[0       ]disk.cpp(168) Disk0 is removble use?0
[0       ]disk.cpp(168) Disk1 is removble use?1
[0       ]mft.cpp(515): Initialize MftFile failed.
[0       ]ntfslabel.cpp(28): Read the FILE_Volume file record failed.



//////////////////////////// Reload Disk Information ////////////////////////////


Disks Summary:
================================================================
Disk Index	Total Sector		Geometry			Product Name
----------	------------		--------			------------
0		1000215216 (476.94GB)	(62260,255,63,512)		BC711 NVMe SK hynix 512GB (GPT Disk)
1		4096000000 (1953.13GB)	(254964,255,63,512)		VendorCoProductCode      (Base Disk)


Partitions Summary:
================================================================
Disk	Partition	Drive Letter	File System	Total Sector		Used Sector		Free Sector		Partition Status	Pri/Log		DBR Start Sector	End Sector      			MBR Start Sector			Cluster Size	Volume Label
----	---------	------------	-----------	------------		-----------		-----------		----------------	-------		----------------	----------------			----------------			------------	------------
0	1		*:		FAT32       	491520     (240.00MB)	194192     (94.82MB)	297328     (145.18MB)	Sys                 	GPT,EFI		2048           		493567         (30,184,26)		0           (0,32,33)			4		ESP
0	2		*:		Other       	262144     (128.00MB)	0          (0KB)	262144     (128.00MB)	None                	GPT,MSR		493568         		755711         (47,10,27)		0           (30,184,27)			0		
0	3		C:		NTFS(3.1)   	187129855  (89.23GB)	73101520   (34.86GB)	114028335  (54.37GB)	Boot                	GPT,Data		755712         		187885567      (11695,85,38)		0           (47,10,28)			8		
0	4		D:		NTFS(3.1)   	102399999  (48.83GB)	76759944   (36.60GB)	25640055   (12.23GB)	None                	GPT,Data		187885568      		290285567      (18069,112,27)		0           (11695,85,39)			8		ZYC_program
0	5		E:		NTFS(3.1)   	204797951  (97.66GB)	141837032  (67.63GB)	62960919   (30.02GB)	None                	GPT,Data		290285568      		495083519      (30817,133,36)		0           (18069,112,28)			8		ZYC_VM
0	6		*:		NTFS(3.1)   	2027519    (990.00MB)	1880624    (918.27MB)	146895     (71.73MB)	None                	GPT,WRE		495085568      		497113087      (30943,218,59)		0           (30817,166,6)			8		WINRETOOLS
0	7		*:		NTFS(3.1)   	3002367    (1.43GB)	1987408    (970.41MB)	1014959    (495.59MB)	None                	GPT,WRE		497115136      		500117503      (31130,223,5)		0           (30943,251,29)			8		DELLSUPPORT
0	8		F:		NTFS(3.1)   	250048511  (119.23GB)	158455984  (75.56GB)	91592527   (43.67GB)	None                	GPT,Data		500117504      		750166015      (46695,172,5)		0           (31130,223,6)			8		ZYC_study
0	9		G:		NTFS(3.1)   	250046463  (119.23GB)	160691064  (76.62GB)	89355399   (42.61GB)	None                	GPT,Data		750166016      		1000212479     (62260,88,36)		0           (46695,172,6)			8		ZYC_other

[0       ]mft.cpp(515): Initialize MftFile failed.
[0       ]ntfsstd.cpp(867): Failed to read $Volume file record.
1	2		H:		NTFS(0.0)   	4095978546 (1953.11GB)	4095978546 (1953.11GB)	0          (0KB)	None                	Primary		2048           		4095980594     (254962,254,63)		0           (0,32,33)			8		

